<?xml version="1.0" encoding="UTF-8"?>
<!-- Generated by org.testng.reporters.JUnitReportReporter -->
<testsuite hostname="LAPTOP-SASOHM6S" failures="0" tests="1" name="pom.Loginpage" time="17.390" errors="0" timestamp="2022-07-18T23:18:32 IST" skipped="0">
  <testcase classname="pom.Loginpage" name="zerodhalogin" time="17.390"/>
  <system-out/>
</testsuite> <!-- pom.Loginpage -->
