<?xml version="1.0" encoding="UTF-8"?>
<!-- Generated by org.testng.reporters.JUnitReportReporter -->
<testsuite hostname="LAPTOP-SASOHM6S" failures="0" tests="2" name="pom.ForgotNG" time="154.087" errors="0" timestamp="2022-07-20T13:14:23 IST" skipped="0">
  <testcase classname="pom.ForgotNG" name="forgotid" time="52.753"/>
  <system-out/>
  <testcase classname="pom.ForgotNG" name="rememberid" time="101.334"/>
  <system-out/>
</testsuite> <!-- pom.ForgotNG -->
