<?xml version="1.0" encoding="UTF-8"?>
<!-- Generated by org.testng.reporters.JUnitReportReporter -->
<testsuite hostname="LAPTOP-SASOHM6S" failures="0" tests="1" name="test.LoginepageNG" time="8.076" errors="0" timestamp="2022-07-26T12:42:21 IST" skipped="0">
  <testcase classname="test.LoginepageNG" name="zerodhalogin" time="8.076"/>
  <system-out/>
</testsuite> <!-- test.LoginepageNG -->
