<?xml version="1.0" encoding="UTF-8"?>
<!-- Generated by org.testng.reporters.JUnitReportReporter -->
<testsuite hostname="LAPTOP-SASOHM6S" failures="0" tests="1" name="pom.LoginpageNG" time="5.353" errors="0" timestamp="2022-07-21T13:47:06 IST" skipped="0">
  <testcase classname="pom.LoginpageNG" name="zerodhalogin" time="5.353"/>
  <system-out/>
</testsuite> <!-- pom.LoginpageNG -->
