<?xml version="1.0" encoding="UTF-8"?>
<!-- Generated by org.testng.reporters.JUnitReportReporter -->
<testsuite hostname="LAPTOP-SASOHM6S" failures="0" tests="5" name="pom.SearchFeature" time="52.893" errors="0" timestamp="2022-07-19T18:11:36 IST" skipped="0">
  <testcase classname="pom.SearchFeature" name="buy" time="11.232"/>
  <system-out/>
  <testcase classname="pom.SearchFeature" name="sell" time="9.077"/>
  <system-out/>
  <testcase classname="pom.SearchFeature" name="chart" time="8.632"/>
  <system-out/>
  <testcase classname="pom.SearchFeature" name="marketplace" time="12.057"/>
  <system-out/>
  <testcase classname="pom.SearchFeature" name="add" time="11.895"/>
  <system-out/>
</testsuite> <!-- pom.SearchFeature -->
