<?xml version="1.0" encoding="UTF-8"?>
<!-- Generated by org.testng.reporters.JUnitReportReporter -->
<testsuite hostname="LAPTOP-SASOHM6S" failures="0" tests="5" name="test.SearchfeatureNG" time="38.616" errors="0" timestamp="2022-07-23T23:30:08 IST" skipped="0">
  <testcase classname="test.SearchfeatureNG" name="buy" time="9.174"/>
  <system-out/>
  <testcase classname="test.SearchfeatureNG" name="sell" time="6.415"/>
  <system-out/>
  <testcase classname="test.SearchfeatureNG" name="chart" time="7.943"/>
  <system-out/>
  <testcase classname="test.SearchfeatureNG" name="marketplace" time="6.244"/>
  <system-out/>
  <testcase classname="test.SearchfeatureNG" name="add" time="8.840"/>
  <system-out/>
</testsuite> <!-- test.SearchfeatureNG -->
