<?xml version="1.0" encoding="UTF-8"?>
<!-- Generated by org.testng.reporters.JUnitReportReporter -->
<testsuite hostname="LAPTOP-SASOHM6S" failures="0" tests="1" name="test.LoginepageNG" time="6.311" errors="0" timestamp="2022-07-28T18:59:36 IST" skipped="0">
  <testcase classname="test.LoginepageNG" name="zerodhalogin" time="6.311"/>
  <system-out/>
</testsuite> <!-- test.LoginepageNG -->
