<?xml version="1.0" encoding="UTF-8"?>
<!-- Generated by org.testng.reporters.JUnitReportReporter -->
<testsuite hostname="LAPTOP-SASOHM6S" failures="0" tests="2" name="pom.SignupNG" time="9.447" errors="0" timestamp="2022-07-20T13:14:23 IST" skipped="0">
  <testcase classname="pom.SignupNG" name="signup1" time="6.300"/>
  <system-out/>
  <testcase classname="pom.SignupNG" name="enterOTP" time="3.147"/>
  <system-out/>
</testsuite> <!-- pom.SignupNG -->
