<?xml version="1.0" encoding="UTF-8"?>
<!-- Generated by org.testng.reporters.JUnitReportReporter -->
<testsuite hostname="LAPTOP-SASOHM6S" failures="0" tests="2" name="test.ForgetNG" time="27.366" errors="0" timestamp="2022-07-29T20:31:48 IST" skipped="0">
  <testcase classname="test.ForgetNG" name="rememberid" time="7.719"/>
  <system-out/>
  <testcase classname="test.ForgetNG" name="forgotid" time="19.647"/>
  <system-out/>
</testsuite> <!-- test.ForgetNG -->
