<?xml version="1.0" encoding="UTF-8"?>
<!-- Generated by org.testng.reporters.JUnitReportReporter -->
<testsuite hostname="LAPTOP-SASOHM6S" failures="0" tests="2" name="pom.Signup" time="10.329" errors="0" timestamp="2022-07-19T10:55:03 IST" skipped="0">
  <testcase classname="pom.Signup" name="signup1" time="7.092"/>
  <system-out/>
  <testcase classname="pom.Signup" name="enterOTP" time="3.237"/>
  <system-out/>
</testsuite> <!-- pom.Signup -->
